Sending build context to Docker daemon  9.216kB
Step 1/18 : FROM nvidia/cuda:11.6.1-devel-ubuntu20.04
 ---> dbefa5670be3
Step 2/18 : ENV SHELL=/bin/bash
 ---> Using cache
 ---> 621697f17562
Step 3/18 : WORKDIR /app/
 ---> Using cache
 ---> b444493c1f52
Step 4/18 : RUN apt-get update && apt-get install -y     python3-pip     apt-utils     vim     git     wget
 ---> Using cache
 ---> ba695260f85a
Step 5/18 : RUN ln -s /usr/bin/python3 /usr/bin/python
 ---> Using cache
 ---> 4bc8ba7f2202
Step 6/18 : ENV CONDA_DIR /opt/conda
 ---> Using cache
 ---> 2d4924e0d9bd
Step 7/18 : RUN wget --quiet https://repo.anaconda.com/miniconda/Miniconda3-latest-Linux-x86_64.sh -O ~/miniconda.sh && 		/bin/bash ~/miniconda.sh -b -p /opt/conda
 ---> Using cache
 ---> 4091de0c72a4
Step 8/18 : ENV PATH=$CONDA_DIR/bin:$PATH
 ---> Using cache
 ---> 622ca8cbc3a8
Step 9/18 : RUN conda install pytorch==1.12.0 torchvision==0.13.0 torchaudio==0.12.0 cudatoolkit=11.6 -c pytorch -c conda-forge
 ---> Using cache
 ---> 81c29d3a90fc
Step 10/18 : RUN conda install jupyterlab
 ---> Using cache
 ---> ebfd1b6f535a
Step 11/18 : RUN conda install -c conda-forge pytorch-lightning
 ---> Using cache
 ---> 906f7c08314b
Step 12/18 : RUN conda install -c conda-forge py
 ---> Using cache
 ---> bf4429066c07
Step 13/18 : RUN conda install -c conda-forge pygraphviz -y
 ---> Using cache
 ---> a42c839bd47b
Step 14/18 : RUN pip install torch-geometric-temporal
 ---> Running in cbb6a0af031e
Collecting torch-geometric-temporal
  Downloading torch_geometric_temporal-0.54.0.tar.gz (48 kB)
Collecting decorator==4.4.2
  Downloading decorator-4.4.2-py2.py3-none-any.whl (9.2 kB)
Requirement already satisfied: torch in /opt/conda/lib/python3.9/site-packages (from torch-geometric-temporal) (1.12.0)
Collecting cython
  Downloading Cython-0.29.32-cp39-cp39-manylinux_2_17_x86_64.manylinux2014_x86_64.manylinux_2_24_x86_64.whl (2.0 MB)
Collecting pandas<=1.3.5
  Downloading pandas-1.3.5-cp39-cp39-manylinux_2_17_x86_64.manylinux2014_x86_64.whl (11.5 MB)
Collecting torch_sparse
  Downloading torch_sparse-0.6.15.tar.gz (2.1 MB)
Collecting torch_scatter
  Downloading torch_scatter-2.0.9.tar.gz (21 kB)
Collecting torch_geometric
  Downloading torch_geometric-2.1.0.post1.tar.gz (467 kB)
